[1011/122539.104:ERROR:directory_reader_win.cc(43)] FindFirstFile: 지정된 경로를 찾을 수 없습니다. (0x3)
[1011/224027.822:ERROR:filesystem_win.cc(129)] GetFileAttributes C:\Users\dnfrk\AppData\Local\Microsoft\Edge\User Data\Crashpad\attachments\3f66a1aa-1fbf-45ec-a2f3-514d6de79d65: 지정된 경로를 찾을 수 없습니다. (0x3)
[1011/224031.408:ERROR:filesystem_win.cc(129)] GetFileAttributes C:\Users\dnfrk\AppData\Local\Microsoft\Edge\User Data\Crashpad\attachments\d2118353-0f4f-411d-ae05-355189e40fd1: 지정된 경로를 찾을 수 없습니다. (0x3)
[1011/224033.065:ERROR:filesystem_win.cc(129)] GetFileAttributes C:\Users\dnfrk\AppData\Local\Microsoft\Edge\User Data\Crashpad\attachments\67a95511-f67c-44fb-aaf3-d37a44dbbc11: 지정된 경로를 찾을 수 없습니다. (0x3)
[1012/165843.273:ERROR:filesystem_win.cc(129)] GetFileAttributes C:\Users\dnfrk\AppData\Local\Microsoft\Edge\User Data\Crashpad\attachments\6467c92d-6f5e-4e52-9506-d207a7b21230: 지정된 경로를 찾을 수 없습니다. (0x3)
[1012/165845.087:ERROR:filesystem_win.cc(129)] GetFileAttributes C:\Users\dnfrk\AppData\Local\Microsoft\Edge\User Data\Crashpad\attachments\ef246fe0-d616-481b-9191-c20565054f62: 지정된 경로를 찾을 수 없습니다. (0x3)
[1012/165845.303:ERROR:process_reader_win.cc(155)] SuspendThread: 액세스가 거부되었습니다. (0x5)
[1012/165920.125:ERROR:filesystem_win.cc(129)] GetFileAttributes C:\Users\dnfrk\AppData\Local\Microsoft\Edge\User Data\Crashpad\attachments\d3191890-8d61-4811-9e38-95bce96dcadf: 지정된 경로를 찾을 수 없습니다. (0x3)
[1012/165948.812:ERROR:filesystem_win.cc(129)] GetFileAttributes C:\Users\dnfrk\AppData\Local\Microsoft\Edge\User Data\Crashpad\attachments\9e18c504-1216-4b81-add5-d47a2e817c62: 지정된 경로를 찾을 수 없습니다. (0x3)
[1012/165951.826:ERROR:filesystem_win.cc(129)] GetFileAttributes C:\Users\dnfrk\AppData\Local\Microsoft\Edge\User Data\Crashpad\attachments\4fe445bb-36ea-47ce-b333-e3ca60b41702: 지정된 경로를 찾을 수 없습니다. (0x3)
[1012/165954.261:ERROR:filesystem_win.cc(129)] GetFileAttributes C:\Users\dnfrk\AppData\Local\Microsoft\Edge\User Data\Crashpad\attachments\d94bf6ed-84ca-4794-9368-e237c1985315: 지정된 경로를 찾을 수 없습니다. (0x3)
[1012/171007.674:ERROR:directory_reader_win.cc(43)] FindFirstFile: 지정된 경로를 찾을 수 없습니다. (0x3)
[1013/092502.486:ERROR:directory_reader_win.cc(43)] FindFirstFile: 지정된 경로를 찾을 수 없습니다. (0x3)
[1013/113811.727:ERROR:filesystem_win.cc(129)] GetFileAttributes C:\Users\dnfrk\AppData\Local\Microsoft\Edge\User Data\Crashpad\attachments\61e1472e-d18e-4621-b1e0-df089c5078e1: 지정된 경로를 찾을 수 없습니다. (0x3)
[1013/113813.947:ERROR:process_reader_win.cc(155)] SuspendThread: 액세스가 거부되었습니다. (0x5)
[1013/113814.946:ERROR:filesystem_win.cc(129)] GetFileAttributes C:\Users\dnfrk\AppData\Local\Microsoft\Edge\User Data\Crashpad\attachments\45be296e-52c5-48d1-9f3c-ae125725d36f: 지정된 경로를 찾을 수 없습니다. (0x3)
[1013/113817.404:ERROR:filesystem_win.cc(129)] GetFileAttributes C:\Users\dnfrk\AppData\Local\Microsoft\Edge\User Data\Crashpad\attachments\3064ad07-d192-46da-ba4e-86142d1be3c2: 지정된 경로를 찾을 수 없습니다. (0x3)
[1013/113818.810:ERROR:process_reader_win.cc(155)] SuspendThread: 액세스가 거부되었습니다. (0x5)
[1013/113818.810:ERROR:process_reader_win.cc(155)] SuspendThread: 액세스가 거부되었습니다. (0x5)
[1013/113818.810:ERROR:process_reader_win.cc(155)] SuspendThread: 액세스가 거부되었습니다. (0x5)
[1013/113818.811:ERROR:process_reader_win.cc(155)] SuspendThread: 액세스가 거부되었습니다. (0x5)
[1013/113818.811:ERROR:process_reader_win.cc(155)] SuspendThread: 액세스가 거부되었습니다. (0x5)
[1013/113818.811:ERROR:process_reader_win.cc(155)] SuspendThread: 액세스가 거부되었습니다. (0x5)
[1013/113818.811:ERROR:process_reader_win.cc(155)] SuspendThread: 액세스가 거부되었습니다. (0x5)
[1013/113818.811:ERROR:process_reader_win.cc(155)] SuspendThread: 액세스가 거부되었습니다. (0x5)
[1013/113818.811:ERROR:process_reader_win.cc(155)] SuspendThread: 액세스가 거부되었습니다. (0x5)
[1013/113818.811:ERROR:process_reader_win.cc(155)] SuspendThread: 액세스가 거부되었습니다. (0x5)
[1013/113818.811:ERROR:process_reader_win.cc(155)] SuspendThread: 액세스가 거부되었습니다. (0x5)
[1013/113818.811:ERROR:process_reader_win.cc(155)] SuspendThread: 액세스가 거부되었습니다. (0x5)
[1013/113820.873:ERROR:filesystem_win.cc(129)] GetFileAttributes C:\Users\dnfrk\AppData\Local\Microsoft\Edge\User Data\Crashpad\attachments\3f59fcdb-219a-47ec-aa48-8d178dde439e: 지정된 경로를 찾을 수 없습니다. (0x3)
[1013/113822.462:ERROR:process_reader_win.cc(155)] SuspendThread: 액세스가 거부되었습니다. (0x5)
[1013/113822.462:ERROR:process_reader_win.cc(155)] SuspendThread: 액세스가 거부되었습니다. (0x5)
[1013/113823.294:ERROR:process_reader_win.cc(155)] SuspendThread: 액세스가 거부되었습니다. (0x5)
[1013/113823.294:ERROR:process_reader_win.cc(155)] SuspendThread: 액세스가 거부되었습니다. (0x5)
[1013/113824.174:ERROR:process_reader_win.cc(155)] SuspendThread: 액세스가 거부되었습니다. (0x5)
[1013/114307.365:ERROR:filesystem_win.cc(129)] GetFileAttributes C:\Users\dnfrk\AppData\Local\Microsoft\Edge\User Data\Crashpad\attachments\378f6058-9828-42af-9417-c5305bab2936: 지정된 경로를 찾을 수 없습니다. (0x3)
[1013/114308.042:ERROR:process_reader_win.cc(155)] SuspendThread: 액세스가 거부되었습니다. (0x5)
[1013/114308.042:ERROR:process_reader_win.cc(155)] SuspendThread: 액세스가 거부되었습니다. (0x5)
[1013/114308.043:ERROR:process_reader_win.cc(155)] SuspendThread: 액세스가 거부되었습니다. (0x5)
[1013/114308.043:ERROR:process_reader_win.cc(155)] SuspendThread: 액세스가 거부되었습니다. (0x5)
[1013/114308.043:ERROR:process_reader_win.cc(155)] SuspendThread: 액세스가 거부되었습니다. (0x5)
[1013/114308.043:ERROR:process_reader_win.cc(155)] SuspendThread: 액세스가 거부되었습니다. (0x5)
[1013/114308.043:ERROR:process_reader_win.cc(155)] SuspendThread: 액세스가 거부되었습니다. (0x5)
[1013/114308.043:ERROR:process_reader_win.cc(155)] SuspendThread: 액세스가 거부되었습니다. (0x5)
[1013/114308.043:ERROR:process_reader_win.cc(155)] SuspendThread: 액세스가 거부되었습니다. (0x5)
[1013/114308.043:ERROR:process_reader_win.cc(155)] SuspendThread: 액세스가 거부되었습니다. (0x5)
[1013/114308.043:ERROR:process_reader_win.cc(155)] SuspendThread: 액세스가 거부되었습니다. (0x5)
[1013/114308.043:ERROR:process_reader_win.cc(155)] SuspendThread: 액세스가 거부되었습니다. (0x5)
[1013/114414.489:ERROR:filesystem_win.cc(129)] GetFileAttributes C:\Users\dnfrk\AppData\Local\Microsoft\Edge\User Data\Crashpad\attachments\8f45a712-832b-4b28-bdd3-79277632e28d: 지정된 경로를 찾을 수 없습니다. (0x3)
[1013/114417.467:ERROR:filesystem_win.cc(129)] GetFileAttributes C:\Users\dnfrk\AppData\Local\Microsoft\Edge\User Data\Crashpad\attachments\bf9c46e6-59f4-494f-b22f-cf0afac69f5e: 지정된 경로를 찾을 수 없습니다. (0x3)
[1013/114422.758:ERROR:filesystem_win.cc(129)] GetFileAttributes C:\Users\dnfrk\AppData\Local\Microsoft\Edge\User Data\Crashpad\attachments\a4fe3738-ea0d-4985-8ef9-528ce0fb5793: 지정된 경로를 찾을 수 없습니다. (0x3)
[1013/115414.529:ERROR:directory_reader_win.cc(43)] FindFirstFile: 지정된 경로를 찾을 수 없습니다. (0x3)
[1013/115414.594:ERROR:filesystem_win.cc(129)] GetFileAttributes C:\Users\dnfrk\AppData\Local\Microsoft\Edge\User Data\Crashpad\attachments\80392d75-9cfa-4897-925e-6e3b0e3b2486: 지정된 경로를 찾을 수 없습니다. (0x3)
[1013/115414.605:ERROR:filesystem_win.cc(129)] GetFileAttributes C:\Users\dnfrk\AppData\Local\Microsoft\Edge\User Data\Crashpad\attachments\21672833-12bd-4f28-bc5f-b9001567b53a: 지정된 경로를 찾을 수 없습니다. (0x3)
[1013/115414.616:ERROR:filesystem_win.cc(129)] GetFileAttributes C:\Users\dnfrk\AppData\Local\Microsoft\Edge\User Data\Crashpad\attachments\08d95716-8f56-4ce2-b9aa-afac4ad01a22: 지정된 경로를 찾을 수 없습니다. (0x3)
[1013/115414.624:ERROR:filesystem_win.cc(129)] GetFileAttributes C:\Users\dnfrk\AppData\Local\Microsoft\Edge\User Data\Crashpad\attachments\6b98c1e3-9d9b-4421-b5f1-a58025c8a8c0: 지정된 경로를 찾을 수 없습니다. (0x3)
[1013/115414.633:ERROR:filesystem_win.cc(129)] GetFileAttributes C:\Users\dnfrk\AppData\Local\Microsoft\Edge\User Data\Crashpad\attachments\a3004d53-8039-4edc-8e1b-22a1da439f3a: 지정된 경로를 찾을 수 없습니다. (0x3)
[1013/115414.643:ERROR:filesystem_win.cc(129)] GetFileAttributes C:\Users\dnfrk\AppData\Local\Microsoft\Edge\User Data\Crashpad\attachments\089cc224-1b88-47ac-acdd-75aafc4e746c: 지정된 경로를 찾을 수 없습니다. (0x3)
[1013/115414.651:ERROR:filesystem_win.cc(129)] GetFileAttributes C:\Users\dnfrk\AppData\Local\Microsoft\Edge\User Data\Crashpad\attachments\be83ccad-cbe8-43ff-b126-f78c1784205f: 지정된 경로를 찾을 수 없습니다. (0x3)
[1013/115414.662:ERROR:filesystem_win.cc(129)] GetFileAttributes C:\Users\dnfrk\AppData\Local\Microsoft\Edge\User Data\Crashpad\attachments\b917027e-295c-4a51-b518-55204977ef23: 지정된 경로를 찾을 수 없습니다. (0x3)
[1013/115414.671:ERROR:filesystem_win.cc(129)] GetFileAttributes C:\Users\dnfrk\AppData\Local\Microsoft\Edge\User Data\Crashpad\attachments\41c2a297-343b-4e66-a3ea-08497001c1eb: 지정된 경로를 찾을 수 없습니다. (0x3)
[1013/115414.679:ERROR:filesystem_win.cc(129)] GetFileAttributes C:\Users\dnfrk\AppData\Local\Microsoft\Edge\User Data\Crashpad\attachments\e4f94cc5-9574-48d8-a209-990cee749c30: 지정된 경로를 찾을 수 없습니다. (0x3)
[1013/171546.160:ERROR:filesystem_win.cc(129)] GetFileAttributes C:\Users\dnfrk\AppData\Local\Microsoft\Edge\User Data\Crashpad\attachments\edd8238f-64c1-4905-9e5f-88a4d1026cc1: 지정된 경로를 찾을 수 없습니다. (0x3)
[1013/171548.366:ERROR:filesystem_win.cc(129)] GetFileAttributes C:\Users\dnfrk\AppData\Local\Microsoft\Edge\User Data\Crashpad\attachments\b45a5008-4e63-49e4-8adc-d9c010dd98f3: 지정된 경로를 찾을 수 없습니다. (0x3)
[1013/171551.186:ERROR:process_reader_win.cc(155)] SuspendThread: 액세스가 거부되었습니다. (0x5)
[1013/171551.186:ERROR:process_reader_win.cc(155)] SuspendThread: 액세스가 거부되었습니다. (0x5)
[1013/171551.186:ERROR:process_reader_win.cc(155)] SuspendThread: 액세스가 거부되었습니다. (0x5)
[1013/171551.186:ERROR:process_reader_win.cc(155)] SuspendThread: 액세스가 거부되었습니다. (0x5)
[1013/171551.186:ERROR:process_reader_win.cc(155)] SuspendThread: 액세스가 거부되었습니다. (0x5)
[1013/171551.186:ERROR:process_reader_win.cc(155)] SuspendThread: 액세스가 거부되었습니다. (0x5)
[1013/171551.187:ERROR:process_reader_win.cc(155)] SuspendThread: 액세스가 거부되었습니다. (0x5)
[1013/171551.187:ERROR:process_reader_win.cc(155)] SuspendThread: 액세스가 거부되었습니다. (0x5)
[1013/171551.187:ERROR:process_reader_win.cc(155)] SuspendThread: 액세스가 거부되었습니다. (0x5)
[1013/171551.187:ERROR:process_reader_win.cc(155)] SuspendThread: 액세스가 거부되었습니다. (0x5)
[1013/171551.187:ERROR:process_reader_win.cc(155)] SuspendThread: 액세스가 거부되었습니다. (0x5)
[1013/171557.890:ERROR:filesystem_win.cc(129)] GetFileAttributes C:\Users\dnfrk\AppData\Local\Microsoft\Edge\User Data\Crashpad\attachments\0bb47c5b-608c-4afd-8254-21a3f761c913: 지정된 경로를 찾을 수 없습니다. (0x3)
[1013/171558.567:ERROR:filesystem_win.cc(129)] GetFileAttributes C:\Users\dnfrk\AppData\Local\Microsoft\Edge\User Data\Crashpad\attachments\01407297-d236-4949-97cd-9fddb8ca07df: 지정된 경로를 찾을 수 없습니다. (0x3)
[1013/171600.958:ERROR:filesystem_win.cc(129)] GetFileAttributes C:\Users\dnfrk\AppData\Local\Microsoft\Edge\User Data\Crashpad\attachments\ac641868-cade-4873-b4b3-7dd5b00610f7: 지정된 경로를 찾을 수 없습니다. (0x3)
[1013/171601.581:ERROR:process_reader_win.cc(155)] SuspendThread: 액세스가 거부되었습니다. (0x5)
[1013/171601.581:ERROR:process_reader_win.cc(155)] SuspendThread: 액세스가 거부되었습니다. (0x5)
[1013/171602.129:ERROR:process_reader_win.cc(155)] SuspendThread: 액세스가 거부되었습니다. (0x5)
[1013/171602.733:ERROR:filesystem_win.cc(129)] GetFileAttributes C:\Users\dnfrk\AppData\Local\Microsoft\Edge\User Data\Crashpad\attachments\91b56234-b101-4abd-9430-baa55e15a014: 지정된 경로를 찾을 수 없습니다. (0x3)
[1013/172601.843:ERROR:process_reader_win.cc(155)] SuspendThread: 액세스가 거부되었습니다. (0x5)
[1013/172601.847:ERROR:process_reader_win.cc(155)] SuspendThread: 액세스가 거부되었습니다. (0x5)
[1013/172601.847:ERROR:process_reader_win.cc(155)] SuspendThread: 액세스가 거부되었습니다. (0x5)
[1013/172602.251:ERROR:filesystem_win.cc(129)] GetFileAttributes C:\Users\dnfrk\AppData\Local\Microsoft\Edge\User Data\Crashpad\attachments\dba436e1-4d50-4eb5-afdb-0c70117652ba: 지정된 경로를 찾을 수 없습니다. (0x3)
[1013/172602.925:ERROR:process_reader_win.cc(155)] SuspendThread: 액세스가 거부되었습니다. (0x5)
[1013/172602.925:ERROR:process_reader_win.cc(155)] SuspendThread: 액세스가 거부되었습니다. (0x5)
[1013/172602.925:ERROR:process_reader_win.cc(155)] SuspendThread: 액세스가 거부되었습니다. (0x5)
[1013/172602.925:ERROR:process_reader_win.cc(155)] SuspendThread: 액세스가 거부되었습니다. (0x5)
[1013/172602.925:ERROR:process_reader_win.cc(155)] SuspendThread: 액세스가 거부되었습니다. (0x5)
[1013/172602.926:ERROR:process_reader_win.cc(155)] SuspendThread: 액세스가 거부되었습니다. (0x5)
[1013/172602.926:ERROR:process_reader_win.cc(155)] SuspendThread: 액세스가 거부되었습니다. (0x5)
[1013/172602.926:ERROR:process_reader_win.cc(155)] SuspendThread: 액세스가 거부되었습니다. (0x5)
[1013/172602.926:ERROR:process_reader_win.cc(155)] SuspendThread: 액세스가 거부되었습니다. (0x5)
[1013/172602.926:ERROR:process_reader_win.cc(155)] SuspendThread: 액세스가 거부되었습니다. (0x5)
[1013/172602.926:ERROR:process_reader_win.cc(155)] SuspendThread: 액세스가 거부되었습니다. (0x5)
[1013/172602.926:ERROR:process_reader_win.cc(155)] SuspendThread: 액세스가 거부되었습니다. (0x5)
[1013/172604.429:ERROR:filesystem_win.cc(129)] GetFileAttributes C:\Users\dnfrk\AppData\Local\Microsoft\Edge\User Data\Crashpad\attachments\8e5f64c9-b6ba-4e9a-9f5c-3d3219fe2d58: 지정된 경로를 찾을 수 없습니다. (0x3)
[1013/172640.103:ERROR:filesystem_win.cc(129)] GetFileAttributes C:\Users\dnfrk\AppData\Local\Microsoft\Edge\User Data\Crashpad\attachments\02bb335a-4cbc-4b08-9247-d472f2e3086f: 지정된 경로를 찾을 수 없습니다. (0x3)
[1013/173725.283:ERROR:directory_reader_win.cc(43)] FindFirstFile: 지정된 경로를 찾을 수 없습니다. (0x3)
[1013/173725.323:ERROR:filesystem_win.cc(129)] GetFileAttributes C:\Users\dnfrk\AppData\Local\Microsoft\Edge\User Data\Crashpad\attachments\4fe445bb-36ea-47ce-b333-e3ca60b41702: 지정된 경로를 찾을 수 없습니다. (0x3)
[1013/173725.339:ERROR:filesystem_win.cc(129)] GetFileAttributes C:\Users\dnfrk\AppData\Local\Microsoft\Edge\User Data\Crashpad\attachments\9e18c504-1216-4b81-add5-d47a2e817c62: 지정된 경로를 찾을 수 없습니다. (0x3)
[1013/173725.351:ERROR:filesystem_win.cc(129)] GetFileAttributes C:\Users\dnfrk\AppData\Local\Microsoft\Edge\User Data\Crashpad\attachments\d3191890-8d61-4811-9e38-95bce96dcadf: 지정된 경로를 찾을 수 없습니다. (0x3)
[1013/173725.364:ERROR:filesystem_win.cc(129)] GetFileAttributes C:\Users\dnfrk\AppData\Local\Microsoft\Edge\User Data\Crashpad\attachments\6467c92d-6f5e-4e52-9506-d207a7b21230: 지정된 경로를 찾을 수 없습니다. (0x3)
[1013/173725.378:ERROR:filesystem_win.cc(129)] GetFileAttributes C:\Users\dnfrk\AppData\Local\Microsoft\Edge\User Data\Crashpad\attachments\da8993fc-3644-4bdf-8dfa-b097e97506c8: 지정된 경로를 찾을 수 없습니다. (0x3)
[1013/173725.391:ERROR:filesystem_win.cc(129)] GetFileAttributes C:\Users\dnfrk\AppData\Local\Microsoft\Edge\User Data\Crashpad\attachments\577d6c6e-1c9b-4d0d-8460-b1494ac213b8: 지정된 경로를 찾을 수 없습니다. (0x3)
[1013/173725.404:ERROR:filesystem_win.cc(129)] GetFileAttributes C:\Users\dnfrk\AppData\Local\Microsoft\Edge\User Data\Crashpad\attachments\52827801-c8e4-483c-8d00-894f3041667e: 지정된 경로를 찾을 수 없습니다. (0x3)
[1013/173725.417:ERROR:filesystem_win.cc(129)] GetFileAttributes C:\Users\dnfrk\AppData\Local\Microsoft\Edge\User Data\Crashpad\attachments\1eb8fb9b-38fd-4878-8f31-6c74fb41a8a6: 지정된 경로를 찾을 수 없습니다. (0x3)
[1013/173725.430:ERROR:filesystem_win.cc(129)] GetFileAttributes C:\Users\dnfrk\AppData\Local\Microsoft\Edge\User Data\Crashpad\attachments\c4104398-32e7-44e9-99f8-ea6566ce7867: 지정된 경로를 찾을 수 없습니다. (0x3)
[1013/173725.452:ERROR:filesystem_win.cc(129)] GetFileAttributes C:\Users\dnfrk\AppData\Local\Microsoft\Edge\User Data\Crashpad\attachments\4bac36a0-f7f0-47b1-a07e-2b9d7797c4a2: 지정된 경로를 찾을 수 없습니다. (0x3)
[1013/173725.463:ERROR:filesystem_win.cc(129)] GetFileAttributes C:\Users\dnfrk\AppData\Local\Microsoft\Edge\User Data\Crashpad\attachments\50c2ac6c-c224-4d8b-86b0-2223f513b9f4: 지정된 경로를 찾을 수 없습니다. (0x3)
[1013/173725.475:ERROR:filesystem_win.cc(129)] GetFileAttributes C:\Users\dnfrk\AppData\Local\Microsoft\Edge\User Data\Crashpad\attachments\84c3883a-821c-440e-86a2-818b01b2365c: 지정된 경로를 찾을 수 없습니다. (0x3)
[1013/173725.504:ERROR:filesystem_win.cc(129)] GetFileAttributes C:\Users\dnfrk\AppData\Local\Microsoft\Edge\User Data\Crashpad\attachments\d2118353-0f4f-411d-ae05-355189e40fd1: 지정된 경로를 찾을 수 없습니다. (0x3)
[1013/173725.514:ERROR:filesystem_win.cc(129)] GetFileAttributes C:\Users\dnfrk\AppData\Local\Microsoft\Edge\User Data\Crashpad\attachments\3f66a1aa-1fbf-45ec-a2f3-514d6de79d65: 지정된 경로를 찾을 수 없습니다. (0x3)
[1013/173725.528:ERROR:filesystem_win.cc(129)] GetFileAttributes C:\Users\dnfrk\AppData\Local\Microsoft\Edge\User Data\Crashpad\attachments\e92e5b35-397c-465b-bad6-34e32ecbd404: 지정된 경로를 찾을 수 없습니다. (0x3)
[1013/202850.288:ERROR:filesystem_win.cc(129)] GetFileAttributes C:\Users\dnfrk\AppData\Local\Microsoft\Edge\User Data\Crashpad\attachments\e611e5eb-a1db-4382-8b10-ba057e954aa6: 지정된 경로를 찾을 수 없습니다. (0x3)
[1013/202850.422:ERROR:process_reader_win.cc(155)] SuspendThread: 액세스가 거부되었습니다. (0x5)
[1013/202850.423:ERROR:process_reader_win.cc(155)] SuspendThread: 액세스가 거부되었습니다. (0x5)
[1013/202850.423:ERROR:process_reader_win.cc(155)] SuspendThread: 액세스가 거부되었습니다. (0x5)
[1013/202850.423:ERROR:process_reader_win.cc(155)] SuspendThread: 액세스가 거부되었습니다. (0x5)
[1013/202850.423:ERROR:process_reader_win.cc(155)] SuspendThread: 액세스가 거부되었습니다. (0x5)
[1013/202850.423:ERROR:process_reader_win.cc(155)] SuspendThread: 액세스가 거부되었습니다. (0x5)
[1013/202850.423:ERROR:process_reader_win.cc(155)] SuspendThread: 액세스가 거부되었습니다. (0x5)
[1013/202850.423:ERROR:process_reader_win.cc(155)] SuspendThread: 액세스가 거부되었습니다. (0x5)
[1013/202850.423:ERROR:process_reader_win.cc(155)] SuspendThread: 액세스가 거부되었습니다. (0x5)
[1013/202850.423:ERROR:process_reader_win.cc(155)] SuspendThread: 액세스가 거부되었습니다. (0x5)
[1013/202850.423:ERROR:process_reader_win.cc(155)] SuspendThread: 액세스가 거부되었습니다. (0x5)
[1013/202850.423:ERROR:process_reader_win.cc(155)] SuspendThread: 액세스가 거부되었습니다. (0x5)
[1013/202850.423:ERROR:process_reader_win.cc(155)] SuspendThread: 액세스가 거부되었습니다. (0x5)
[1013/202852.318:ERROR:process_reader_win.cc(155)] SuspendThread: 액세스가 거부되었습니다. (0x5)
[1013/202852.318:ERROR:process_reader_win.cc(155)] SuspendThread: 액세스가 거부되었습니다. (0x5)
[1013/202852.432:ERROR:filesystem_win.cc(129)] GetFileAttributes C:\Users\dnfrk\AppData\Local\Microsoft\Edge\User Data\Crashpad\attachments\0622c6cc-7d09-4c46-8a43-c0029cc72718: 지정된 경로를 찾을 수 없습니다. (0x3)
[1013/202852.466:ERROR:filesystem_win.cc(129)] GetFileAttributes C:\Users\dnfrk\AppData\Local\Microsoft\Edge\User Data\Crashpad\attachments\4edac8af-604b-4a24-b504-b9e99577cba2: 지정된 경로를 찾을 수 없습니다. (0x3)
[1013/202854.644:ERROR:filesystem_win.cc(129)] GetFileAttributes C:\Users\dnfrk\AppData\Local\Microsoft\Edge\User Data\Crashpad\attachments\28cfd91b-3300-45a8-ae97-83e19c28ea7c: 지정된 경로를 찾을 수 없습니다. (0x3)
[1013/202922.772:ERROR:filesystem_win.cc(129)] GetFileAttributes C:\Users\dnfrk\AppData\Local\Microsoft\Edge\User Data\Crashpad\attachments\3bf7c52a-cbf8-4d1a-9b39-e6a82fe032c7: 지정된 경로를 찾을 수 없습니다. (0x3)
[1014/092514.929:ERROR:directory_reader_win.cc(43)] FindFirstFile: 지정된 경로를 찾을 수 없습니다. (0x3)
[1014/123733.838:ERROR:filesystem_win.cc(129)] GetFileAttributes C:\Users\dnfrk\AppData\Local\Microsoft\Edge\User Data\Crashpad\attachments\a48fcc05-9300-4d7a-887a-866096c50d25: 지정된 경로를 찾을 수 없습니다. (0x3)
[1014/123733.875:ERROR:process_reader_win.cc(155)] SuspendThread: 액세스가 거부되었습니다. (0x5)
[1014/123733.875:ERROR:process_reader_win.cc(155)] SuspendThread: 액세스가 거부되었습니다. (0x5)
[1014/123733.875:ERROR:process_reader_win.cc(155)] SuspendThread: 액세스가 거부되었습니다. (0x5)
[1014/123733.875:ERROR:process_reader_win.cc(155)] SuspendThread: 액세스가 거부되었습니다. (0x5)
[1014/123733.875:ERROR:process_reader_win.cc(155)] SuspendThread: 액세스가 거부되었습니다. (0x5)
[1014/123733.875:ERROR:process_reader_win.cc(155)] SuspendThread: 액세스가 거부되었습니다. (0x5)
[1014/123733.875:ERROR:process_reader_win.cc(155)] SuspendThread: 액세스가 거부되었습니다. (0x5)
[1014/123733.875:ERROR:process_reader_win.cc(155)] SuspendThread: 액세스가 거부되었습니다. (0x5)
[1014/123733.875:ERROR:process_reader_win.cc(155)] SuspendThread: 액세스가 거부되었습니다. (0x5)
[1014/123733.876:ERROR:process_reader_win.cc(155)] SuspendThread: 액세스가 거부되었습니다. (0x5)
[1014/123733.876:ERROR:process_reader_win.cc(155)] SuspendThread: 액세스가 거부되었습니다. (0x5)
[1014/123733.876:ERROR:process_reader_win.cc(155)] SuspendThread: 액세스가 거부되었습니다. (0x5)
[1014/123733.876:ERROR:process_reader_win.cc(155)] SuspendThread: 액세스가 거부되었습니다. (0x5)
[1014/123738.572:ERROR:process_reader_win.cc(155)] SuspendThread: 액세스가 거부되었습니다. (0x5)
[1014/123739.666:ERROR:process_reader_win.cc(155)] SuspendThread: 액세스가 거부되었습니다. (0x5)
[1014/190443.049:ERROR:directory_reader_win.cc(43)] FindFirstFile: 지정된 경로를 찾을 수 없습니다. (0x3)
[1014/204712.820:ERROR:filesystem_win.cc(129)] GetFileAttributes C:\Users\dnfrk\AppData\Local\Microsoft\Edge\User Data\Crashpad\attachments\b8fed26a-7e1a-44e2-8d92-d349e90e3d76: 지정된 경로를 찾을 수 없습니다. (0x3)
[1014/204716.744:ERROR:filesystem_win.cc(129)] GetFileAttributes C:\Users\dnfrk\AppData\Local\Microsoft\Edge\User Data\Crashpad\attachments\aa38819c-d520-4c22-b7db-720a11e5f09c: 지정된 경로를 찾을 수 없습니다. (0x3)
[1014/204718.587:ERROR:filesystem_win.cc(129)] GetFileAttributes C:\Users\dnfrk\AppData\Local\Microsoft\Edge\User Data\Crashpad\attachments\bd82658c-ef5a-4ac5-9b4f-e4bbba2fc8d5: 지정된 경로를 찾을 수 없습니다. (0x3)
[1014/204718.671:ERROR:process_reader_win.cc(155)] SuspendThread: 액세스가 거부되었습니다. (0x5)
[1015/205718.206:ERROR:directory_reader_win.cc(43)] FindFirstFile: 지정된 경로를 찾을 수 없습니다. (0x3)
[1015/211349.791:ERROR:filesystem_win.cc(129)] GetFileAttributes C:\Users\dnfrk\AppData\Local\Microsoft\Edge\User Data\Crashpad\attachments\69c693f4-3c36-4c7f-b095-7444c477e319: 지정된 경로를 찾을 수 없습니다. (0x3)
[1015/211349.866:ERROR:process_reader_win.cc(155)] SuspendThread: 액세스가 거부되었습니다. (0x5)
[1015/211349.867:ERROR:process_reader_win.cc(155)] SuspendThread: 액세스가 거부되었습니다. (0x5)
[1015/211349.867:ERROR:process_reader_win.cc(155)] SuspendThread: 액세스가 거부되었습니다. (0x5)
[1015/211349.867:ERROR:process_reader_win.cc(155)] SuspendThread: 액세스가 거부되었습니다. (0x5)
[1015/211349.868:ERROR:process_reader_win.cc(155)] SuspendThread: 액세스가 거부되었습니다. (0x5)
[1015/211349.868:ERROR:process_reader_win.cc(155)] SuspendThread: 액세스가 거부되었습니다. (0x5)
[1015/211349.868:ERROR:process_reader_win.cc(155)] SuspendThread: 액세스가 거부되었습니다. (0x5)
[1015/211349.868:ERROR:process_reader_win.cc(155)] SuspendThread: 액세스가 거부되었습니다. (0x5)
[1015/211349.868:ERROR:process_reader_win.cc(155)] SuspendThread: 액세스가 거부되었습니다. (0x5)
[1015/211349.868:ERROR:process_reader_win.cc(155)] SuspendThread: 액세스가 거부되었습니다. (0x5)
[1015/211349.868:ERROR:process_reader_win.cc(155)] SuspendThread: 액세스가 거부되었습니다. (0x5)
[1015/211349.868:ERROR:process_reader_win.cc(155)] SuspendThread: 액세스가 거부되었습니다. (0x5)
[1015/211349.869:ERROR:process_reader_win.cc(155)] SuspendThread: 액세스가 거부되었습니다. (0x5)
[1015/211353.661:ERROR:filesystem_win.cc(129)] GetFileAttributes C:\Users\dnfrk\AppData\Local\Microsoft\Edge\User Data\Crashpad\attachments\36fb94d4-c744-4b77-94e2-8b13327ca2d2: 지정된 경로를 찾을 수 없습니다. (0x3)
[1015/211355.516:ERROR:filesystem_win.cc(129)] GetFileAttributes C:\Users\dnfrk\AppData\Local\Microsoft\Edge\User Data\Crashpad\attachments\381ec45b-f9ed-4ec2-9d70-398da333c5a0: 지정된 경로를 찾을 수 없습니다. (0x3)
